[
  {
    "level": "INFO",
    "message": "android.ndkVersion from module build.gradle is not set"
  },
  {
    "level": "INFO",
    "message": "ndk.dir in local.properties is /Users/admin/Library/Android/sdk/ndk/22.0.7026061"
  },
  {
    "level": "INFO",
    "message": "ANDROID_NDK_HOME environment variable is not set"
  },
  {
    "level": "INFO",
    "message": "sdkFolder is /Users/admin/Library/Android/sdk"
  },
  {
    "level": "INFO",
    "message": "Considering /Users/admin/Library/Android/sdk/ndk/22.0.7026061 by ndk.dir"
  },
  {
    "level": "INFO",
    "message": "Considering /Users/admin/Library/Android/sdk/ndk-bundle in SDK ndk-bundle folder"
  },
  {
    "level": "INFO",
    "message": "Considering /Users/admin/Library/Android/sdk/ndk/22.0.7026061 in SDK ndk folder"
  },
  {
    "level": "INFO",
    "message": "Considering /Users/admin/Library/Android/sdk/ndk/20.0.5594570 in SDK ndk folder"
  },
  {
    "level": "INFO",
    "message": "Rejected /Users/admin/Library/Android/sdk/ndk-bundle in SDK ndk-bundle folder because that location has no source.properties"
  },
  {
    "level": "INFO",
    "message": "Found requested ndk.dir (/Users/admin/Library/Android/sdk/ndk/22.0.7026061) which has version 22.0.7026061"
  }
]