[
  {
    "level": "INFO",
    "message": "android.ndkVersion from module build.gradle is not set"
  },
  {
    "level": "INFO",
    "message": "ndk.dir in local.properties is /Users/admin/Library/Android/sdk/ndk/20.0.5594570"
  },
  {
    "level": "INFO",
    "message": "ANDROID_NDK_HOME environment variable is not set"
  },
  {
    "level": "INFO",
    "message": "sdkFolder is D:\\tools\\tools\\lib"
  },
  {
    "level": "INFO",
    "message": "NDK side-by-side folder from sdkFolder D:\\tools\\tools\\lib\\ndk does not exist"
  },
  {
    "level": "INFO",
    "message": "Considering \\Users\\admin\\Library\\Android\\sdk\\ndk\\20.0.5594570 by ndk.dir"
  },
  {
    "level": "INFO",
    "message": "Considering D:\\tools\\tools\\lib\\ndk-bundle in SDK ndk-bundle folder"
  },
  {
    "level": "INFO",
    "message": "Rejected \\Users\\admin\\Library\\Android\\sdk\\ndk\\20.0.5594570 by ndk.dir because that location has no source.properties"
  },
  {
    "level": "ERROR",
    "message": "Location specified by ndk.dir (/Users/admin/Library/Android/sdk/ndk/20.0.5594570) did not contain a valid NDK and and couldn\u0027t be used"
  },
  {
    "level": "INFO",
    "message": "Using D:\\tools\\tools\\lib\\ndk-bundle which is version 20.0.5594570 as fallback but build will fail"
  }
]